<?xml version="1.0" encoding="UTF-8"?>
<testng-results ignored="0" total="1" passed="1" failed="0" skipped="0">
  <reporter-output>
  </reporter-output>
  <suite started-at="2021-02-07T13:56:26 IST" name="Automation Suite" finished-at="2021-02-07T13:57:06 IST" duration-ms="40338">
    <groups>
    </groups>
    <test started-at="2021-02-07T13:56:26 IST" name="Automation Test" finished-at="2021-02-07T13:57:06 IST" duration-ms="40338">
      <class name="com.automation.tests.TShirtTest">
        <test-method is-config="true" signature="setUp()[pri:0, instance:com.automation.tests.TShirtTest@6c6017b9]" started-at="2021-02-07T13:56:26 IST" name="setUp" finished-at="2021-02-07T13:56:28 IST" duration-ms="2023" status="PASS">
          <reporter-output>
          </reporter-output>
        </test-method> <!-- setUp -->
        <test-method signature="tshirtProductTest()[pri:0, instance:com.automation.tests.TShirtTest@6c6017b9]" started-at="2021-02-07T13:56:28 IST" name="tshirtProductTest" finished-at="2021-02-07T13:57:06 IST" duration-ms="37540" status="PASS">
          <reporter-output>
          </reporter-output>
        </test-method> <!-- tshirtProductTest -->
        <test-method is-config="true" signature="tearDown()[pri:0, instance:com.automation.tests.TShirtTest@6c6017b9]" started-at="2021-02-07T13:57:06 IST" name="tearDown" finished-at="2021-02-07T13:57:06 IST" duration-ms="752" status="PASS">
          <reporter-output>
          </reporter-output>
        </test-method> <!-- tearDown -->
      </class> <!-- com.automation.tests.TShirtTest -->
    </test> <!-- Automation Test -->
  </suite> <!-- Automation Suite -->
</testng-results>
