<?xml version="1.0" encoding="UTF-8"?>
<testng-results ignored="0" total="1" passed="1" failed="0" skipped="0">
  <reporter-output>
  </reporter-output>
  <suite started-at="2021-02-07T13:38:43 IST" name="Automation Suite" finished-at="2021-02-07T13:39:23 IST" duration-ms="40131">
    <groups>
    </groups>
    <test started-at="2021-02-07T13:38:43 IST" name="Automation Test" finished-at="2021-02-07T13:39:23 IST" duration-ms="40131">
      <class name="com.automation.tests.TShirtTest">
        <test-method is-config="true" signature="setUp()[pri:0, instance:com.automation.tests.TShirtTest@15b204a1]" started-at="2021-02-07T13:38:43 IST" name="setUp" finished-at="2021-02-07T13:38:45 IST" duration-ms="1896" status="PASS">
          <reporter-output>
          </reporter-output>
        </test-method> <!-- setUp -->
        <test-method signature="tshirtProductTest()[pri:0, instance:com.automation.tests.TShirtTest@15b204a1]" started-at="2021-02-07T13:38:45 IST" name="tshirtProductTest" finished-at="2021-02-07T13:39:22 IST" duration-ms="37492" status="PASS">
          <reporter-output>
          </reporter-output>
        </test-method> <!-- tshirtProductTest -->
        <test-method is-config="true" signature="tearDown()[pri:0, instance:com.automation.tests.TShirtTest@15b204a1]" started-at="2021-02-07T13:39:22 IST" name="tearDown" finished-at="2021-02-07T13:39:23 IST" duration-ms="720" status="PASS">
          <reporter-output>
          </reporter-output>
        </test-method> <!-- tearDown -->
      </class> <!-- com.automation.tests.TShirtTest -->
    </test> <!-- Automation Test -->
  </suite> <!-- Automation Suite -->
</testng-results>
